<?xml version="1.0" encoding="UTF-8"?>
<testsuite xmlns:xsi="http://www.w3.org/2001/XMLSchema-instance" xsi:schemaLocation="https://maven.apache.org/surefire/maven-surefire-plugin/xsd/surefire-test-report.xsd" name="TestSuite" time="384.339" tests="10" errors="0" skipped="2" failures="2">
  <properties>
[...]
</properties>
  <testcase name="TC_01_VerifyLoginPageTitle" classname="com.maantic.automation.tests.LoginTest" time="0.16"/>
  <testcase name="TC_02_VerifyLoggedInSuccessfully" classname="com.maantic.automation.tests.LoginTest" time="12.042"/>
  <testcase name="TC_01_VerifyDashboardPageTitle" classname="com.maantic.automation.tests.DashboardTest" time="13.892"/>
  <testcase name="TC_02_VerifyLoggedInUserName" classname="com.maantic.automation.tests.DashboardTest" time="5.512"/>
  <testcase name="TC_01_VerifyIsNewContactPageDisplayed" classname="com.maantic.automation.tests.CreateContactTest" time="0">
    <skipped message="expected [true] but found [false]"/>
    <system-out><![CDATA[Chrome browser is opening....
I am in onTestStart method TC_01_VerifyIsNewContactPageDisplayed start
TC_01_VerifyIsNewContactPageDisplayed is called...
true
I am in onTestSkipped method TC_01_VerifyIsNewContactPageDisplayed skipped
]]></system-out>
    <system-err><![CDATA[ChromeDriver was started successfully.
Aug 23, 2022 3:48:04 PM org.openqa.selenium.remote.ProtocolHandshake createSession
INFO: Detected dialect: W3C
Aug 23, 2022 3:48:04 PM org.openqa.selenium.devtools.CdpVersionFinder findNearestMatch
WARNING: Unable to find an exact match for CDP version 104, so returning the closest version found: a no-op implementation
Aug 23, 2022 3:48:04 PM org.openqa.selenium.devtools.CdpVersionFinder findNearestMatch
INFO: Unable to find CDP implementation matching 104.
Aug 23, 2022 3:48:04 PM org.openqa.selenium.chromium.ChromiumDriver lambda$new$3
WARNING: Unable to find version of CDP to use for . You may need to include a dependency on a specific version of the CDP using something similar to `org.seleniumhq.selenium:selenium-devtools-v86:4.0.0` where the version ("v86") matches the version of the chromium-based browser you're using and the version number of the artifact is the same as Selenium's.
]]></system-err>
  </testcase>
  <testcase name="TC_01_VerifyIsNewContactPageDisplayed" classname="com.maantic.automation.tests.CreateContactTest" time="31.006">
    <failure message="expected [true] but found [false]" type="java.lang.AssertionError">java.lang.AssertionError: expected [true] but found [false]
	at com.maantic.automation.tests.CreateContactTest.TC_01_VerifyIsNewContactPageDisplayed(CreateContactTest.java:43)
</failure>
    <system-out><![CDATA[Chrome browser is opening....
I am in onTestStart method TC_01_VerifyIsNewContactPageDisplayed start
TC_01_VerifyIsNewContactPageDisplayed is called...
true
I am in onTestFailure method TC_01_VerifyIsNewContactPageDisplayed failed
Screenshot captured for test case:TC_01_VerifyIsNewContactPageDisplayed
]]></system-out>
    <system-err><![CDATA[ChromeDriver was started successfully.
Aug 23, 2022 3:48:38 PM org.openqa.selenium.remote.ProtocolHandshake createSession
INFO: Detected dialect: W3C
Aug 23, 2022 3:48:38 PM org.openqa.selenium.devtools.CdpVersionFinder findNearestMatch
WARNING: Unable to find an exact match for CDP version 104, so returning the closest version found: a no-op implementation
Aug 23, 2022 3:48:38 PM org.openqa.selenium.devtools.CdpVersionFinder findNearestMatch
INFO: Unable to find CDP implementation matching 104.
Aug 23, 2022 3:48:38 PM org.openqa.selenium.chromium.ChromiumDriver lambda$new$3
WARNING: Unable to find version of CDP to use for . You may need to include a dependency on a specific version of the CDP using something similar to `org.seleniumhq.selenium:selenium-devtools-v86:4.0.0` where the version ("v86") matches the version of the chromium-based browser you're using and the version number of the artifact is the same as Selenium's.
]]></system-err>
  </testcase>
  <testcase name="TC_02_CreateNewContactSuccessfully" classname="com.maantic.automation.tests.CreateContactTest" time="46.217"/>
  <testcase name="TC_02_CreateNewContactSuccessfully" classname="com.maantic.automation.tests.CreateContactTest" time="0">
    <skipped message="Expected condition failed: waiting for visibility of element located by By.xpath: //span[contains(text(),&apos;gopal.sutradhar@maantic.com&apos;)] (tried for 30 second(s) with 500 milliseconds interval)&#10;Build info: version: &apos;4.0.0&apos;, revision: &apos;3a21814679&apos;&#10;System info: host: &apos;GOPALS&apos;, ip: &apos;192.168.0.104&apos;, os.name: &apos;Windows 10&apos;, os.arch: &apos;amd64&apos;, os.version: &apos;10.0&apos;, java.version: &apos;18.0.1&apos;&#10;Driver info: org.openqa.selenium.chrome.ChromeDriver&#10;Capabilities {acceptInsecureCerts: false, browserName: chrome, browserVersion: 104.0.5112.101, chrome: {chromedriverVersion: 104.0.5112.79 (3cf3e8c8a07d..., userDataDir: C:\Users\User\AppData\Local...}, goog:chromeOptions: {debuggerAddress: localhost:57607}, javascriptEnabled: true, networkConnectionEnabled: false, pageLoadStrategy: normal, platform: WINDOWS, platformName: WINDOWS, proxy: Proxy(), se:cdp: ws://localhost:57607/devtoo..., se:cdpVersion: 104.0.5112.101, setWindowRect: true, strictFileInteractability: false, timeouts: {implicit: 0, pageLoad: 300000, script: 30000}, unhandledPromptBehavior: dismiss and notify, webauthn:extension:credBlob: true, webauthn:extension:largeBlob: true, webauthn:virtualAuthenticators: true}&#10;Session ID: e652ab623006e498a320841530234942"/>
    <system-out><![CDATA[Chrome browser is opening....
I am in onTestStart method TC_02_CreateNewContactSuccessfully start
TC_02_CreateNewContactSuccessfully is called...
I am in onTestSkipped method TC_02_CreateNewContactSuccessfully skipped
]]></system-out>
    <system-err><![CDATA[ChromeDriver was started successfully.
Aug 23, 2022 3:50:08 PM org.openqa.selenium.remote.ProtocolHandshake createSession
INFO: Detected dialect: W3C
Aug 23, 2022 3:50:08 PM org.openqa.selenium.devtools.CdpVersionFinder findNearestMatch
WARNING: Unable to find an exact match for CDP version 104, so returning the closest version found: a no-op implementation
Aug 23, 2022 3:50:08 PM org.openqa.selenium.devtools.CdpVersionFinder findNearestMatch
INFO: Unable to find CDP implementation matching 104.
Aug 23, 2022 3:50:08 PM org.openqa.selenium.chromium.ChromiumDriver lambda$new$3
WARNING: Unable to find version of CDP to use for . You may need to include a dependency on a specific version of the CDP using something similar to `org.seleniumhq.selenium:selenium-devtools-v86:4.0.0` where the version ("v86") matches the version of the chromium-based browser you're using and the version number of the artifact is the same as Selenium's.
]]></system-err>
  </testcase>
  <testcase name="TC_02_CreateNewContactSuccessfully" classname="com.maantic.automation.tests.CreateContactTest" time="75.48">
    <failure message="Expected condition failed: waiting for visibility of element located by By.xpath: //span[contains(text(),&apos;gopal.sutradhar@maantic.com&apos;)] (tried for 30 second(s) with 500 milliseconds interval)&#10;Build info: version: &apos;4.0.0&apos;, revision: &apos;3a21814679&apos;&#10;System info: host: &apos;GOPALS&apos;, ip: &apos;192.168.0.104&apos;, os.name: &apos;Windows 10&apos;, os.arch: &apos;amd64&apos;, os.version: &apos;10.0&apos;, java.version: &apos;18.0.1&apos;&#10;Driver info: org.openqa.selenium.chrome.ChromeDriver&#10;Capabilities {acceptInsecureCerts: false, browserName: chrome, browserVersion: 104.0.5112.101, chrome: {chromedriverVersion: 104.0.5112.79 (3cf3e8c8a07d..., userDataDir: C:\Users\User\AppData\Local...}, goog:chromeOptions: {debuggerAddress: localhost:57738}, javascriptEnabled: true, networkConnectionEnabled: false, pageLoadStrategy: normal, platform: WINDOWS, platformName: WINDOWS, proxy: Proxy(), se:cdp: ws://localhost:57738/devtoo..., se:cdpVersion: 104.0.5112.101, setWindowRect: true, strictFileInteractability: false, timeouts: {implicit: 0, pageLoad: 300000, script: 30000}, unhandledPromptBehavior: dismiss and notify, webauthn:extension:credBlob: true, webauthn:extension:largeBlob: true, webauthn:virtualAuthenticators: true}&#10;Session ID: 20e1f6dffb1b1bac28dbc93b610eafb2" type="org.openqa.selenium.TimeoutException">org.openqa.selenium.TimeoutException: 
Expected condition failed: waiting for visibility of element located by By.xpath: //span[contains(text(),'gopal.sutradhar@maantic.com')] (tried for 30 second(s) with 500 milliseconds interval)
Build info: version: '4.0.0', revision: '3a21814679'
System info: host: 'GOPALS', ip: '192.168.0.104', os.name: 'Windows 10', os.arch: 'amd64', os.version: '10.0', java.version: '18.0.1'
Driver info: org.openqa.selenium.chrome.ChromeDriver
Capabilities {acceptInsecureCerts: false, browserName: chrome, browserVersion: 104.0.5112.101, chrome: {chromedriverVersion: 104.0.5112.79 (3cf3e8c8a07d..., userDataDir: C:\Users\User\AppData\Local...}, goog:chromeOptions: {debuggerAddress: localhost:57738}, javascriptEnabled: true, networkConnectionEnabled: false, pageLoadStrategy: normal, platform: WINDOWS, platformName: WINDOWS, proxy: Proxy(), se:cdp: ws://localhost:57738/devtoo..., se:cdpVersion: 104.0.5112.101, setWindowRect: true, strictFileInteractability: false, timeouts: {implicit: 0, pageLoad: 300000, script: 30000}, unhandledPromptBehavior: dismiss and notify, webauthn:extension:credBlob: true, webauthn:extension:largeBlob: true, webauthn:virtualAuthenticators: true}
Session ID: 20e1f6dffb1b1bac28dbc93b610eafb2
	at com.maantic.automation.tests.CreateContactTest.TC_02_CreateNewContactSuccessfully(CreateContactTest.java:72)
</failure>
    <system-out><![CDATA[Test Case Name: TC_02_CreateNewContactSuccessfully
Test Case Name: TC_02_CreateNewContactSuccessfully
Chrome browser is opening....
I am in onTestStart method TC_02_CreateNewContactSuccessfully start
TC_02_CreateNewContactSuccessfully is called...
I am in onTestFailure method TC_02_CreateNewContactSuccessfully failed
Screenshot captured for test case:TC_02_CreateNewContactSuccessfully
]]></system-out>
    <system-err><![CDATA[ChromeDriver was started successfully.
Aug 23, 2022 3:51:31 PM org.openqa.selenium.remote.ProtocolHandshake createSession
INFO: Detected dialect: W3C
Aug 23, 2022 3:51:31 PM org.openqa.selenium.devtools.CdpVersionFinder findNearestMatch
WARNING: Unable to find an exact match for CDP version 104, so returning the closest version found: a no-op implementation
Aug 23, 2022 3:51:31 PM org.openqa.selenium.devtools.CdpVersionFinder findNearestMatch
INFO: Unable to find CDP implementation matching 104.
Aug 23, 2022 3:51:31 PM org.openqa.selenium.chromium.ChromiumDriver lambda$new$3
WARNING: Unable to find version of CDP to use for . You may need to include a dependency on a specific version of the CDP using something similar to `org.seleniumhq.selenium:selenium-devtools-v86:4.0.0` where the version ("v86") matches the version of the chromium-based browser you're using and the version number of the artifact is the same as Selenium's.
]]></system-err>
  </testcase>
  <testcase name="TC_01_VerifySearchingNewlyCreatedContact" classname="com.maantic.automation.tests.SearchContactTest" time="29.031"/>
</testsuite>